CRITICAL - 2022-04-13 12:06:26 --> Class 'App\Controllers\PessoaModel' not found
#0 C:\wamp64\www\ci_database\system\CodeIgniter.php(825): App\Controllers\Home->pessoa()
#1 C:\wamp64\www\ci_database\system\CodeIgniter.php(412): CodeIgniter\CodeIgniter->runController(Object(App\Controllers\Home))
#2 C:\wamp64\www\ci_database\system\CodeIgniter.php(320): CodeIgniter\CodeIgniter->handleRequest(NULL, Object(Config\Cache), false)
#3 C:\wamp64\www\ci_database\public\index.php(37): CodeIgniter\CodeIgniter->run()
#4 C:\wamp64\www\ci_database\system\Commands\Server\rewrite.php(43): require_once('C:\\wamp64\\www\\c...')
#5 {main}
CRITICAL - 2022-04-13 12:17:06 --> syntax error, unexpected '='
#0 C:\wamp64\www\ci_database\system\View\View.php(213): CodeIgniter\View\View->CodeIgniter\View\{closure}()
#1 C:\wamp64\www\ci_database\system\Common.php(1089): CodeIgniter\View\View->render('pessoa', Array, true)
#2 C:\wamp64\www\ci_database\app\Controllers\Home.php(19): view('pessoa')
#3 C:\wamp64\www\ci_database\system\CodeIgniter.php(825): App\Controllers\Home->page('pessoa')
#4 C:\wamp64\www\ci_database\system\CodeIgniter.php(412): CodeIgniter\CodeIgniter->runController(Object(App\Controllers\Home))
#5 C:\wamp64\www\ci_database\system\CodeIgniter.php(320): CodeIgniter\CodeIgniter->handleRequest(NULL, Object(Config\Cache), false)
#6 C:\wamp64\www\ci_database\public\index.php(37): CodeIgniter\CodeIgniter->run()
#7 C:\wamp64\www\ci_database\system\Commands\Server\rewrite.php(43): require_once('C:\\wamp64\\www\\c...')
#8 {main}
CRITICAL - 2022-04-13 12:17:57 --> syntax error, unexpected '='
#0 C:\wamp64\www\ci_database\system\View\View.php(213): CodeIgniter\View\View->CodeIgniter\View\{closure}()
#1 C:\wamp64\www\ci_database\system\Common.php(1089): CodeIgniter\View\View->render('pessoa', Array, true)
#2 C:\wamp64\www\ci_database\app\Controllers\Home.php(19): view('pessoa')
#3 C:\wamp64\www\ci_database\system\CodeIgniter.php(825): App\Controllers\Home->page('pessoa')
#4 C:\wamp64\www\ci_database\system\CodeIgniter.php(412): CodeIgniter\CodeIgniter->runController(Object(App\Controllers\Home))
#5 C:\wamp64\www\ci_database\system\CodeIgniter.php(320): CodeIgniter\CodeIgniter->handleRequest(NULL, Object(Config\Cache), false)
#6 C:\wamp64\www\ci_database\public\index.php(37): CodeIgniter\CodeIgniter->run()
#7 C:\wamp64\www\ci_database\system\Commands\Server\rewrite.php(43): require_once('C:\\wamp64\\www\\c...')
#8 {main}
CRITICAL - 2022-04-13 12:17:57 --> syntax error, unexpected '='
#0 C:\wamp64\www\ci_database\system\View\View.php(213): CodeIgniter\View\View->CodeIgniter\View\{closure}()
#1 C:\wamp64\www\ci_database\system\Common.php(1089): CodeIgniter\View\View->render('pessoa', Array, true)
#2 C:\wamp64\www\ci_database\app\Controllers\Home.php(19): view('pessoa')
#3 C:\wamp64\www\ci_database\system\CodeIgniter.php(825): App\Controllers\Home->page('pessoa')
#4 C:\wamp64\www\ci_database\system\CodeIgniter.php(412): CodeIgniter\CodeIgniter->runController(Object(App\Controllers\Home))
#5 C:\wamp64\www\ci_database\system\CodeIgniter.php(320): CodeIgniter\CodeIgniter->handleRequest(NULL, Object(Config\Cache), false)
#6 C:\wamp64\www\ci_database\public\index.php(37): CodeIgniter\CodeIgniter->run()
#7 C:\wamp64\www\ci_database\system\Commands\Server\rewrite.php(43): require_once('C:\\wamp64\\www\\c...')
#8 {main}
CRITICAL - 2022-04-13 12:17:57 --> syntax error, unexpected '='
#0 C:\wamp64\www\ci_database\system\View\View.php(213): CodeIgniter\View\View->CodeIgniter\View\{closure}()
#1 C:\wamp64\www\ci_database\system\Common.php(1089): CodeIgniter\View\View->render('pessoa', Array, true)
#2 C:\wamp64\www\ci_database\app\Controllers\Home.php(19): view('pessoa')
#3 C:\wamp64\www\ci_database\system\CodeIgniter.php(825): App\Controllers\Home->page('pessoa')
#4 C:\wamp64\www\ci_database\system\CodeIgniter.php(412): CodeIgniter\CodeIgniter->runController(Object(App\Controllers\Home))
#5 C:\wamp64\www\ci_database\system\CodeIgniter.php(320): CodeIgniter\CodeIgniter->handleRequest(NULL, Object(Config\Cache), false)
#6 C:\wamp64\www\ci_database\public\index.php(37): CodeIgniter\CodeIgniter->run()
#7 C:\wamp64\www\ci_database\system\Commands\Server\rewrite.php(43): require_once('C:\\wamp64\\www\\c...')
#8 {main}
CRITICAL - 2022-04-13 12:19:22 --> Invalid argument supplied for foreach()
#0 C:\wamp64\www\ci_database\app\Views\pessoa.php(4): CodeIgniter\Debug\Exceptions->errorHandler(2, 'Invalid argumen...', 'C:\\wamp64\\www\\c...', 4, Array)
#1 C:\wamp64\www\ci_database\system\View\View.php(210): include('C:\\wamp64\\www\\c...')
#2 C:\wamp64\www\ci_database\system\View\View.php(213): CodeIgniter\View\View->CodeIgniter\View\{closure}()
#3 C:\wamp64\www\ci_database\system\Common.php(1089): CodeIgniter\View\View->render('pessoa', Array, true)
#4 C:\wamp64\www\ci_database\app\Controllers\Home.php(19): view('pessoa')
#5 C:\wamp64\www\ci_database\system\CodeIgniter.php(825): App\Controllers\Home->page('pessoa')
#6 C:\wamp64\www\ci_database\system\CodeIgniter.php(412): CodeIgniter\CodeIgniter->runController(Object(App\Controllers\Home))
#7 C:\wamp64\www\ci_database\system\CodeIgniter.php(320): CodeIgniter\CodeIgniter->handleRequest(NULL, Object(Config\Cache), false)
#8 C:\wamp64\www\ci_database\public\index.php(37): CodeIgniter\CodeIgniter->run()
#9 C:\wamp64\www\ci_database\system\Commands\Server\rewrite.php(43): require_once('C:\\wamp64\\www\\c...')
#10 {main}
CRITICAL - 2022-04-13 12:19:23 --> Invalid argument supplied for foreach()
#0 C:\wamp64\www\ci_database\app\Views\pessoa.php(4): CodeIgniter\Debug\Exceptions->errorHandler(2, 'Invalid argumen...', 'C:\\wamp64\\www\\c...', 4, Array)
#1 C:\wamp64\www\ci_database\system\View\View.php(210): include('C:\\wamp64\\www\\c...')
#2 C:\wamp64\www\ci_database\system\View\View.php(213): CodeIgniter\View\View->CodeIgniter\View\{closure}()
#3 C:\wamp64\www\ci_database\system\Common.php(1089): CodeIgniter\View\View->render('pessoa', Array, true)
#4 C:\wamp64\www\ci_database\app\Controllers\Home.php(19): view('pessoa')
#5 C:\wamp64\www\ci_database\system\CodeIgniter.php(825): App\Controllers\Home->page('pessoa')
#6 C:\wamp64\www\ci_database\system\CodeIgniter.php(412): CodeIgniter\CodeIgniter->runController(Object(App\Controllers\Home))
#7 C:\wamp64\www\ci_database\system\CodeIgniter.php(320): CodeIgniter\CodeIgniter->handleRequest(NULL, Object(Config\Cache), false)
#8 C:\wamp64\www\ci_database\public\index.php(37): CodeIgniter\CodeIgniter->run()
#9 C:\wamp64\www\ci_database\system\Commands\Server\rewrite.php(43): require_once('C:\\wamp64\\www\\c...')
#10 {main}
CRITICAL - 2022-04-13 12:19:23 --> Invalid argument supplied for foreach()
#0 C:\wamp64\www\ci_database\app\Views\pessoa.php(4): CodeIgniter\Debug\Exceptions->errorHandler(2, 'Invalid argumen...', 'C:\\wamp64\\www\\c...', 4, Array)
#1 C:\wamp64\www\ci_database\system\View\View.php(210): include('C:\\wamp64\\www\\c...')
#2 C:\wamp64\www\ci_database\system\View\View.php(213): CodeIgniter\View\View->CodeIgniter\View\{closure}()
#3 C:\wamp64\www\ci_database\system\Common.php(1089): CodeIgniter\View\View->render('pessoa', Array, true)
#4 C:\wamp64\www\ci_database\app\Controllers\Home.php(19): view('pessoa')
#5 C:\wamp64\www\ci_database\system\CodeIgniter.php(825): App\Controllers\Home->page('pessoa')
#6 C:\wamp64\www\ci_database\system\CodeIgniter.php(412): CodeIgniter\CodeIgniter->runController(Object(App\Controllers\Home))
#7 C:\wamp64\www\ci_database\system\CodeIgniter.php(320): CodeIgniter\CodeIgniter->handleRequest(NULL, Object(Config\Cache), false)
#8 C:\wamp64\www\ci_database\public\index.php(37): CodeIgniter\CodeIgniter->run()
#9 C:\wamp64\www\ci_database\system\Commands\Server\rewrite.php(43): require_once('C:\\wamp64\\www\\c...')
#10 {main}
CRITICAL - 2022-04-13 12:19:23 --> Invalid argument supplied for foreach()
#0 C:\wamp64\www\ci_database\app\Views\pessoa.php(4): CodeIgniter\Debug\Exceptions->errorHandler(2, 'Invalid argumen...', 'C:\\wamp64\\www\\c...', 4, Array)
#1 C:\wamp64\www\ci_database\system\View\View.php(210): include('C:\\wamp64\\www\\c...')
#2 C:\wamp64\www\ci_database\system\View\View.php(213): CodeIgniter\View\View->CodeIgniter\View\{closure}()
#3 C:\wamp64\www\ci_database\system\Common.php(1089): CodeIgniter\View\View->render('pessoa', Array, true)
#4 C:\wamp64\www\ci_database\app\Controllers\Home.php(19): view('pessoa')
#5 C:\wamp64\www\ci_database\system\CodeIgniter.php(825): App\Controllers\Home->page('pessoa')
#6 C:\wamp64\www\ci_database\system\CodeIgniter.php(412): CodeIgniter\CodeIgniter->runController(Object(App\Controllers\Home))
#7 C:\wamp64\www\ci_database\system\CodeIgniter.php(320): CodeIgniter\CodeIgniter->handleRequest(NULL, Object(Config\Cache), false)
#8 C:\wamp64\www\ci_database\public\index.php(37): CodeIgniter\CodeIgniter->run()
#9 C:\wamp64\www\ci_database\system\Commands\Server\rewrite.php(43): require_once('C:\\wamp64\\www\\c...')
#10 {main}
CRITICAL - 2022-04-13 12:20:36 --> Invalid argument supplied for foreach()
#0 C:\wamp64\www\ci_database\app\Views\pessoa.php(4): CodeIgniter\Debug\Exceptions->errorHandler(2, 'Invalid argumen...', 'C:\\wamp64\\www\\c...', 4, Array)
#1 C:\wamp64\www\ci_database\system\View\View.php(210): include('C:\\wamp64\\www\\c...')
#2 C:\wamp64\www\ci_database\system\View\View.php(213): CodeIgniter\View\View->CodeIgniter\View\{closure}()
#3 C:\wamp64\www\ci_database\system\Common.php(1089): CodeIgniter\View\View->render('pessoa', Array, true)
#4 C:\wamp64\www\ci_database\app\Controllers\Home.php(19): view('pessoa')
#5 C:\wamp64\www\ci_database\system\CodeIgniter.php(825): App\Controllers\Home->page('pessoa')
#6 C:\wamp64\www\ci_database\system\CodeIgniter.php(412): CodeIgniter\CodeIgniter->runController(Object(App\Controllers\Home))
#7 C:\wamp64\www\ci_database\system\CodeIgniter.php(320): CodeIgniter\CodeIgniter->handleRequest(NULL, Object(Config\Cache), false)
#8 C:\wamp64\www\ci_database\public\index.php(37): CodeIgniter\CodeIgniter->run()
#9 C:\wamp64\www\ci_database\system\Commands\Server\rewrite.php(43): require_once('C:\\wamp64\\www\\c...')
#10 {main}
CRITICAL - 2022-04-13 12:25:21 --> Invalid argument supplied for foreach()
#0 C:\wamp64\www\ci_database\app\Views\pessoa.php(4): CodeIgniter\Debug\Exceptions->errorHandler(2, 'Invalid argumen...', 'C:\\wamp64\\www\\c...', 4, Array)
#1 C:\wamp64\www\ci_database\system\View\View.php(210): include('C:\\wamp64\\www\\c...')
#2 C:\wamp64\www\ci_database\system\View\View.php(213): CodeIgniter\View\View->CodeIgniter\View\{closure}()
#3 C:\wamp64\www\ci_database\system\Common.php(1089): CodeIgniter\View\View->render('pessoa', Array, true)
#4 C:\wamp64\www\ci_database\app\Controllers\Home.php(19): view('pessoa')
#5 C:\wamp64\www\ci_database\system\CodeIgniter.php(825): App\Controllers\Home->page('pessoa')
#6 C:\wamp64\www\ci_database\system\CodeIgniter.php(412): CodeIgniter\CodeIgniter->runController(Object(App\Controllers\Home))
#7 C:\wamp64\www\ci_database\system\CodeIgniter.php(320): CodeIgniter\CodeIgniter->handleRequest(NULL, Object(Config\Cache), false)
#8 C:\wamp64\www\ci_database\public\index.php(37): CodeIgniter\CodeIgniter->run()
#9 C:\wamp64\www\ci_database\system\Commands\Server\rewrite.php(43): require_once('C:\\wamp64\\www\\c...')
#10 {main}
CRITICAL - 2022-04-13 12:25:54 --> Invalid argument supplied for foreach()
#0 C:\wamp64\www\ci_database\app\Views\pessoa.php(4): CodeIgniter\Debug\Exceptions->errorHandler(2, 'Invalid argumen...', 'C:\\wamp64\\www\\c...', 4, Array)
#1 C:\wamp64\www\ci_database\system\View\View.php(210): include('C:\\wamp64\\www\\c...')
#2 C:\wamp64\www\ci_database\system\View\View.php(213): CodeIgniter\View\View->CodeIgniter\View\{closure}()
#3 C:\wamp64\www\ci_database\system\Common.php(1089): CodeIgniter\View\View->render('pessoa', Array, true)
#4 C:\wamp64\www\ci_database\app\Controllers\Home.php(19): view('pessoa')
#5 C:\wamp64\www\ci_database\system\CodeIgniter.php(825): App\Controllers\Home->page('pessoa')
#6 C:\wamp64\www\ci_database\system\CodeIgniter.php(412): CodeIgniter\CodeIgniter->runController(Object(App\Controllers\Home))
#7 C:\wamp64\www\ci_database\system\CodeIgniter.php(320): CodeIgniter\CodeIgniter->handleRequest(NULL, Object(Config\Cache), false)
#8 C:\wamp64\www\ci_database\public\index.php(37): CodeIgniter\CodeIgniter->run()
#9 C:\wamp64\www\ci_database\system\Commands\Server\rewrite.php(43): require_once('C:\\wamp64\\www\\c...')
#10 {main}
CRITICAL - 2022-04-13 12:26:41 --> Invalid argument supplied for foreach()
#0 C:\wamp64\www\ci_database\app\Views\pessoa.php(4): CodeIgniter\Debug\Exceptions->errorHandler(2, 'Invalid argumen...', 'C:\\wamp64\\www\\c...', 4, Array)
#1 C:\wamp64\www\ci_database\system\View\View.php(210): include('C:\\wamp64\\www\\c...')
#2 C:\wamp64\www\ci_database\system\View\View.php(213): CodeIgniter\View\View->CodeIgniter\View\{closure}()
#3 C:\wamp64\www\ci_database\system\Common.php(1089): CodeIgniter\View\View->render('pessoa', Array, true)
#4 C:\wamp64\www\ci_database\app\Controllers\Home.php(19): view('pessoa')
#5 C:\wamp64\www\ci_database\system\CodeIgniter.php(825): App\Controllers\Home->page('pessoa')
#6 C:\wamp64\www\ci_database\system\CodeIgniter.php(412): CodeIgniter\CodeIgniter->runController(Object(App\Controllers\Home))
#7 C:\wamp64\www\ci_database\system\CodeIgniter.php(320): CodeIgniter\CodeIgniter->handleRequest(NULL, Object(Config\Cache), false)
#8 C:\wamp64\www\ci_database\public\index.php(37): CodeIgniter\CodeIgniter->run()
#9 C:\wamp64\www\ci_database\system\Commands\Server\rewrite.php(43): require_once('C:\\wamp64\\www\\c...')
#10 {main}
